2022-05-13 16:58:14 INFO  PersonRestAPI:28 -***************** Started TC001_PostPerson **************
2022-05-13 16:58:19 INFO  PersonRestAPI:78 -***************** Checking Content Type **************
2022-05-13 16:58:19 INFO  PersonRestAPI:80 -Content Type is ==> application/json; charset=utf-8
2022-05-13 16:58:19 INFO  PersonRestAPI:61 -***************** Checking Response Time **************
2022-05-13 16:58:19 INFO  PersonRestAPI:63 -Response Time is  ==> 193
2022-05-13 16:58:19 INFO  PersonRestAPI:54 -***************** Checking Status Code **************
2022-05-13 16:58:19 INFO  PersonRestAPI:56 -Response Code is ==> 201
2022-05-13 16:58:19 INFO  PersonRestAPI:71 -***************** Checking Status Line **************
2022-05-13 16:58:19 INFO  PersonRestAPI:73 -Response Line is ==> HTTP/1.1 201 Created
2022-05-13 16:58:19 INFO  PersonRestAPI:84 -***************** Finished TC001_PostPerson **************
2022-05-13 16:58:19 INFO  PersonRestAPI:17 -***************** Started TC002_GetPersonDetail **************
2022-05-13 16:58:19 INFO  PersonRestAPI:56 -***************** Checking Content Type **************
2022-05-13 16:58:19 INFO  PersonRestAPI:58 -Content Type is ==> application/json; charset=utf-8
2022-05-13 16:58:19 INFO  PersonRestAPI:25 -***************** Checking Response Body **************
2022-05-13 16:58:19 INFO  PersonRestAPI:27 -Response Body ==> [
  {
    "firstName": "Zaid ",
    "lastName": "Tahir",
    "age": 30,
    "id": "1",
    "address": "Lahore,PK",
    "phoneNumber": "123-456-78910"
  },
  {
    "firstName": "Zaidp",
    "lastName": "Tahirs",
    "address": "58-NGulshan e Lahore",
    "age": "89",
    "phoneNumbers": "123-456-223",
    "id": "836"
  },
  {
    "firstName": "Saad ",
    "lastName": "Lala",
    "age": 31,
    "id": "3",
    "address": "Islamabad,PK",
    "phoneNumber": "123-456-78910"
  },
  {
    "firstName": "Zaidj",
    "lastName": "Tahirc",
    "address": "58-mGulshan e Lahore",
    "id": "079",
    "age": "21",
    "phoneNumbers": "123-456-635"
  }
]
2022-05-13 16:58:19 INFO  PersonRestAPI:39 -***************** Checking Response Time **************
2022-05-13 16:58:19 INFO  PersonRestAPI:41 -Response Time is  ==> 15
2022-05-13 16:58:19 INFO  PersonRestAPI:32 -***************** Checking Status Code **************
2022-05-13 16:58:19 INFO  PersonRestAPI:34 -Response Code is ==> 200
2022-05-13 16:58:19 INFO  PersonRestAPI:49 -***************** Checking Status Line **************
2022-05-13 16:58:19 INFO  PersonRestAPI:51 -Response Line is ==> HTTP/1.1 200 OK
2022-05-13 16:58:19 INFO  PersonRestAPI:62 -***************** Finished TC002_GetPersonDetail **************
2022-05-13 16:58:19 INFO  PersonRestAPI:18 -***************** Started TC003_GetSinglePersonDetail **************
2022-05-13 16:58:19 INFO  PersonRestAPI:58 -***************** Checking Content Type **************
2022-05-13 16:58:19 INFO  PersonRestAPI:60 -Content Type is ==> application/json; charset=utf-8
2022-05-13 16:58:19 INFO  PersonRestAPI:27 -***************** Checking Response Body **************
2022-05-13 16:58:19 INFO  PersonRestAPI:29 -Response Body ==> {
  "firstName": "Zaidj",
  "lastName": "Tahirc",
  "address": "58-mGulshan e Lahore",
  "id": "079",
  "age": "21",
  "phoneNumbers": "123-456-635"
}
2022-05-13 16:58:19 INFO  PersonRestAPI:41 -***************** Checking Response Time **************
2022-05-13 16:58:19 INFO  PersonRestAPI:43 -Response Time is  ==> 8
2022-05-13 16:58:19 INFO  PersonRestAPI:34 -***************** Checking Status Code **************
2022-05-13 16:58:19 INFO  PersonRestAPI:36 -Response Code is ==> 200
2022-05-13 16:58:19 INFO  PersonRestAPI:51 -***************** Checking Status Line **************
2022-05-13 16:58:19 INFO  PersonRestAPI:53 -Response Line is ==> HTTP/1.1 200 OK
2022-05-13 16:58:19 INFO  PersonRestAPI:64 -***************** Finished TC003_GetSinglePersonDetail **************
2022-05-13 16:58:19 INFO  PersonRestAPI:28 -***************** Started TC004_PutPerson **************
2022-05-13 16:58:19 INFO  PersonRestAPI:80 -***************** Checking Content Type **************
2022-05-13 16:58:19 INFO  PersonRestAPI:82 -Content Type is ==> application/json; charset=utf-8
2022-05-13 16:58:19 INFO  PersonRestAPI:63 -***************** Checking Response Time **************
2022-05-13 16:58:19 INFO  PersonRestAPI:65 -Response Time is  ==> 11
2022-05-13 16:58:19 INFO  PersonRestAPI:56 -***************** Checking Status Code **************
2022-05-13 16:58:19 INFO  PersonRestAPI:58 -Response Code is ==> 200
2022-05-13 16:58:19 INFO  PersonRestAPI:73 -***************** Checking Status Line **************
2022-05-13 16:58:19 INFO  PersonRestAPI:75 -Response Line is ==> HTTP/1.1 200 OK
2022-05-13 16:58:19 INFO  PersonRestAPI:86 -***************** Finished TC004_PutPerson **************
2022-05-13 16:58:19 INFO  PersonRestAPI:19 -***************** Started TC005_DeletePerson **************
2022-05-13 16:58:19 INFO  PersonRestAPI:61 -***************** Checking Content Type **************
2022-05-13 16:58:19 INFO  PersonRestAPI:63 -Content Type is ==> application/json; charset=utf-8
2022-05-13 16:58:19 INFO  PersonRestAPI:31 -***************** Checking Response Body **************
2022-05-13 16:58:19 INFO  PersonRestAPI:33 -Response Body ==> {}
2022-05-13 16:58:19 INFO  PersonRestAPI:44 -***************** Checking Response Time **************
2022-05-13 16:58:19 INFO  PersonRestAPI:46 -Response Time is  ==> 9
2022-05-13 16:58:19 INFO  PersonRestAPI:37 -***************** Checking Status Code **************
2022-05-13 16:58:19 INFO  PersonRestAPI:39 -Response Code is ==> 200
2022-05-13 16:58:19 INFO  PersonRestAPI:54 -***************** Checking Status Line **************
2022-05-13 16:58:19 INFO  PersonRestAPI:56 -Response Line is ==> HTTP/1.1 200 OK
2022-05-13 16:58:19 INFO  PersonRestAPI:67 -***************** Finished TC005_DeletePerson **************
2022-05-13 17:00:12 INFO  PersonRestAPI:28 -***************** Started TC001_PostPerson **************
2022-05-13 17:00:18 INFO  PersonRestAPI:78 -***************** Checking Content Type **************
2022-05-13 17:00:18 INFO  PersonRestAPI:80 -Content Type is ==> application/json; charset=utf-8
2022-05-13 17:00:18 INFO  PersonRestAPI:61 -***************** Checking Response Time **************
2022-05-13 17:00:18 INFO  PersonRestAPI:63 -Response Time is  ==> 189
2022-05-13 17:00:18 INFO  PersonRestAPI:54 -***************** Checking Status Code **************
2022-05-13 17:00:18 INFO  PersonRestAPI:56 -Response Code is ==> 201
2022-05-13 17:00:18 INFO  PersonRestAPI:71 -***************** Checking Status Line **************
2022-05-13 17:00:18 INFO  PersonRestAPI:73 -Response Line is ==> HTTP/1.1 201 Created
2022-05-13 17:00:18 INFO  PersonRestAPI:84 -***************** Finished TC001_PostPerson **************
2022-05-13 17:00:18 INFO  PersonRestAPI:17 -***************** Started TC002_GetPersonDetail **************
2022-05-13 17:00:18 INFO  PersonRestAPI:56 -***************** Checking Content Type **************
2022-05-13 17:00:18 INFO  PersonRestAPI:58 -Content Type is ==> application/json; charset=utf-8
2022-05-13 17:00:18 INFO  PersonRestAPI:25 -***************** Checking Response Body **************
2022-05-13 17:00:18 INFO  PersonRestAPI:27 -Response Body ==> [
  {
    "firstName": "Zaid ",
    "lastName": "Tahir",
    "age": 30,
    "id": "1",
    "address": "Lahore,PK",
    "phoneNumber": "123-456-78910"
  },
  {
    "firstName": "Zaidp",
    "lastName": "Tahirs",
    "address": "58-NGulshan e Lahore",
    "age": "89",
    "phoneNumbers": "123-456-223",
    "id": "836"
  },
  {
    "firstName": "Saad ",
    "lastName": "Lala",
    "age": 31,
    "id": "3",
    "address": "Islamabad,PK",
    "phoneNumber": "123-456-78910"
  },
  {
    "firstName": "Zaidz",
    "lastName": "TahirL",
    "address": "58-JGulshan e Lahore",
    "id": "510",
    "age": "81",
    "phoneNumbers": "123-456-760"
  }
]
2022-05-13 17:00:18 INFO  PersonRestAPI:39 -***************** Checking Response Time **************
2022-05-13 17:00:18 INFO  PersonRestAPI:41 -Response Time is  ==> 14
2022-05-13 17:00:18 INFO  PersonRestAPI:32 -***************** Checking Status Code **************
2022-05-13 17:00:18 INFO  PersonRestAPI:34 -Response Code is ==> 200
2022-05-13 17:00:18 INFO  PersonRestAPI:49 -***************** Checking Status Line **************
2022-05-13 17:00:18 INFO  PersonRestAPI:51 -Response Line is ==> HTTP/1.1 200 OK
2022-05-13 17:00:18 INFO  PersonRestAPI:62 -***************** Finished TC002_GetPersonDetail **************
2022-05-13 17:00:18 INFO  PersonRestAPI:18 -***************** Started TC003_GetSinglePersonDetail **************
2022-05-13 17:00:18 INFO  PersonRestAPI:58 -***************** Checking Content Type **************
2022-05-13 17:00:18 INFO  PersonRestAPI:60 -Content Type is ==> application/json; charset=utf-8
2022-05-13 17:00:18 INFO  PersonRestAPI:27 -***************** Checking Response Body **************
2022-05-13 17:00:18 INFO  PersonRestAPI:29 -Response Body ==> {
  "firstName": "Zaidz",
  "lastName": "TahirL",
  "address": "58-JGulshan e Lahore",
  "id": "510",
  "age": "81",
  "phoneNumbers": "123-456-760"
}
2022-05-13 17:00:18 INFO  PersonRestAPI:41 -***************** Checking Response Time **************
2022-05-13 17:00:18 INFO  PersonRestAPI:43 -Response Time is  ==> 8
2022-05-13 17:00:18 INFO  PersonRestAPI:34 -***************** Checking Status Code **************
2022-05-13 17:00:18 INFO  PersonRestAPI:36 -Response Code is ==> 200
2022-05-13 17:00:18 INFO  PersonRestAPI:51 -***************** Checking Status Line **************
2022-05-13 17:00:18 INFO  PersonRestAPI:53 -Response Line is ==> HTTP/1.1 200 OK
2022-05-13 17:00:18 INFO  PersonRestAPI:64 -***************** Finished TC003_GetSinglePersonDetail **************
2022-05-13 17:00:18 INFO  PersonRestAPI:28 -***************** Started TC004_PutPerson **************
2022-05-13 17:00:18 INFO  PersonRestAPI:80 -***************** Checking Content Type **************
2022-05-13 17:00:18 INFO  PersonRestAPI:82 -Content Type is ==> application/json; charset=utf-8
2022-05-13 17:00:18 INFO  PersonRestAPI:63 -***************** Checking Response Time **************
2022-05-13 17:00:18 INFO  PersonRestAPI:65 -Response Time is  ==> 11
2022-05-13 17:00:18 INFO  PersonRestAPI:56 -***************** Checking Status Code **************
2022-05-13 17:00:18 INFO  PersonRestAPI:58 -Response Code is ==> 200
2022-05-13 17:00:18 INFO  PersonRestAPI:73 -***************** Checking Status Line **************
2022-05-13 17:00:18 INFO  PersonRestAPI:75 -Response Line is ==> HTTP/1.1 200 OK
2022-05-13 17:00:18 INFO  PersonRestAPI:86 -***************** Finished TC004_PutPerson **************
2022-05-13 17:00:18 INFO  PersonRestAPI:19 -***************** Started TC005_DeletePerson **************
2022-05-13 17:00:18 INFO  PersonRestAPI:61 -***************** Checking Content Type **************
2022-05-13 17:00:18 INFO  PersonRestAPI:63 -Content Type is ==> application/json; charset=utf-8
2022-05-13 17:00:18 INFO  PersonRestAPI:31 -***************** Checking Response Body **************
2022-05-13 17:00:18 INFO  PersonRestAPI:33 -Response Body ==> {}
2022-05-13 17:00:18 INFO  PersonRestAPI:44 -***************** Checking Response Time **************
2022-05-13 17:00:18 INFO  PersonRestAPI:46 -Response Time is  ==> 12
2022-05-13 17:00:18 INFO  PersonRestAPI:37 -***************** Checking Status Code **************
2022-05-13 17:00:18 INFO  PersonRestAPI:39 -Response Code is ==> 200
2022-05-13 17:00:18 INFO  PersonRestAPI:54 -***************** Checking Status Line **************
2022-05-13 17:00:18 INFO  PersonRestAPI:56 -Response Line is ==> HTTP/1.1 200 OK
2022-05-13 17:00:18 INFO  PersonRestAPI:67 -***************** Finished TC005_DeletePerson **************
2022-05-19 15:43:43 INFO  PersonRestAPI:29 -***************** Started TC001_PostPerson **************
2022-05-19 15:43:48 INFO  PersonRestAPI:79 -***************** Checking Content Type **************
2022-05-19 15:43:48 INFO  PersonRestAPI:81 -Content Type is ==> application/json; charset=utf-8
2022-05-19 15:43:48 INFO  PersonRestAPI:62 -***************** Checking Response Time **************
2022-05-19 15:43:48 INFO  PersonRestAPI:64 -Response Time is  ==> 192
2022-05-19 15:43:48 INFO  PersonRestAPI:55 -***************** Checking Status Code **************
2022-05-19 15:43:48 INFO  PersonRestAPI:57 -Response Code is ==> 201
2022-05-19 15:43:48 INFO  PersonRestAPI:72 -***************** Checking Status Line **************
2022-05-19 15:43:48 INFO  PersonRestAPI:74 -Response Line is ==> HTTP/1.1 201 Created
2022-05-19 15:43:48 INFO  PersonRestAPI:85 -***************** Finished TC001_PostPerson **************
2022-05-19 15:56:17 INFO  PersonRestAPI:19 -***************** Started TC002_GetPersonDetail **************
2022-05-19 15:56:23 INFO  PersonRestAPI:58 -***************** Checking Content Type **************
2022-05-19 15:56:23 INFO  PersonRestAPI:60 -Content Type is ==> application/json; charset=utf-8
2022-05-19 15:56:23 INFO  PersonRestAPI:27 -***************** Checking Response Body **************
2022-05-19 15:56:23 INFO  PersonRestAPI:29 -Response Body ==> [
  {
    "firstName": "Ahsan",
    "lastName": "Lala",
    "age": 31,
    "address": "Islamabad,PK",
    "phoneNumber": "123-456-78910",
    "id": 1
  },
  {
    "firstName": "Saad",
    "lastName": "Lala",
    "age": 31,
    "address": "Islamabad,PK",
    "phoneNumber": "123-456-78910",
    "id": 2
  },
  {
    "firstName": "Adil",
    "lastName": "Lala",
    "age": 31,
    "address": "Islamabad,PK",
    "phoneNumber": "123-456-78910",
    "id": 3
  },
  {
    "firstName": "Asad",
    "lastName": "Lala",
    "age": 31,
    "address": "Islamabad,PK",
    "phoneNumber": "123-456-78910",
    "id": 4
  },
  {
    "firstName": "Umar",
    "lastName": "Lala",
    "age": 31,
    "address": "Islamabad,PK",
    "phoneNumber": "123-456-78910",
    "id": 5
  },
  {
    "firstName": "Musa",
    "lastName": "Lala",
    "age": 31,
    "address": "Islamabad,PK",
    "phoneNumber": "123-456-78910",
    "id": 6
  },
  {
    "firstName": "Adnan",
    "lastName": "Lala",
    "age": 31,
    "address": "Islamabad,PK",
    "phoneNumber": "123-456-78910",
    "id": 7
  },
  {
    "firstName": "Imran",
    "lastName": "Lala",
    "age": 31,
    "address": "Islamabad,PK",
    "phoneNumber": "123-456-78910",
    "id": 8
  },
  {
    "firstName": "Farhan",
    "lastName": "Lala",
    "age": 31,
    "address": "Islamabad,PK",
    "phoneNumber": "123-456-78910",
    "id": 9
  },
  {
    "firstName": "Nouman",
    "lastName": "Lala",
    "age": 31,
    "address": "Islamabad,PK",
    "phoneNumber": "123-456-78910",
    "id": 10
  },
  {
    "firstName": "Anees",
    "lastName": "Lala",
    "age": 31,
    "address": "Islamabad,PK",
    "phoneNumber": "123-456-78910",
    "id": 11
  },
  {
    "firstName": "Ahmad",
    "lastName": "Lala",
    "age": 31,
    "address": "Islamabad,PK",
    "phoneNumber": "123-456-78910",
    "id": 12
  },
  {
    "firstName": "Tahir",
    "lastName": "Lala",
    "age": 31,
    "address": "Islamabad,PK",
    "phoneNumber": "123-456-78910",
    "id": 13
  },
  {
    "firstName": "ZaidaHQ",
    "lastName": "Lala",
    "age": 31,
    "id": 502,
    "address": "Islamabad,PK",
    "phoneNumber": "123-456-78910"
  },
  {
    "firstName": "ZaidA",
    "lastName": "Tahirn",
    "address": "58-LGulshan e Lahore",
    "id": "115",
    "age": "50",
    "phoneNumbers": "123-456-280"
  }
]
2022-05-19 15:56:23 INFO  PersonRestAPI:41 -***************** Checking Response Time **************
2022-05-19 15:56:23 INFO  PersonRestAPI:43 -Response Time is  ==> 194
2022-05-19 15:56:23 INFO  PersonRestAPI:34 -***************** Checking Status Code **************
2022-05-19 15:56:23 INFO  PersonRestAPI:36 -Response Code is ==> 200
2022-05-19 15:56:23 INFO  PersonRestAPI:51 -***************** Checking Status Line **************
2022-05-19 15:56:23 INFO  PersonRestAPI:53 -Response Line is ==> HTTP/1.1 200 OK
2022-05-19 15:56:23 INFO  PersonRestAPI:64 -***************** Finished TC002_GetPersonDetail **************
2022-05-19 16:00:18 INFO  PersonRestAPI:29 -***************** Started TC001_PostPerson **************
2022-05-19 16:01:10 INFO  PersonRestAPI:29 -***************** Started TC001_PostPerson **************
2022-05-19 16:01:15 INFO  PersonRestAPI:78 -***************** Checking Content Type **************
2022-05-19 16:01:15 INFO  PersonRestAPI:80 -Content Type is ==> application/json; charset=utf-8
2022-05-19 16:01:15 INFO  PersonRestAPI:61 -***************** Checking Response Time **************
2022-05-19 16:01:15 INFO  PersonRestAPI:63 -Response Time is  ==> 176
2022-05-19 16:01:15 INFO  PersonRestAPI:54 -***************** Checking Status Code **************
2022-05-19 16:01:15 INFO  PersonRestAPI:56 -Response Code is ==> 201
2022-05-19 16:01:15 INFO  PersonRestAPI:71 -***************** Checking Status Line **************
2022-05-19 16:01:15 INFO  PersonRestAPI:73 -Response Line is ==> HTTP/1.1 201 Created
2022-05-19 16:01:15 INFO  PersonRestAPI:84 -***************** Finished TC001_PostPerson **************
2022-05-19 16:41:19 INFO  PersonRestAPI:29 -***************** Started TC001_PostPerson **************
2022-05-19 16:41:25 INFO  PersonRestAPI:78 -***************** Checking Content Type **************
2022-05-19 16:41:25 INFO  PersonRestAPI:80 -Content Type is ==> application/json; charset=utf-8
2022-05-19 16:41:25 INFO  PersonRestAPI:61 -***************** Checking Response Time **************
2022-05-19 16:41:25 INFO  PersonRestAPI:63 -Response Time is  ==> 201
2022-05-19 16:41:25 INFO  PersonRestAPI:54 -***************** Checking Status Code **************
2022-05-19 16:41:25 INFO  PersonRestAPI:56 -Response Code is ==> 201
2022-05-19 16:41:25 INFO  PersonRestAPI:71 -***************** Checking Status Line **************
2022-05-19 16:41:25 INFO  PersonRestAPI:73 -Response Line is ==> HTTP/1.1 201 Created
2022-05-19 16:41:25 INFO  PersonRestAPI:84 -***************** Finished TC001_PostPerson **************
2022-05-19 16:41:25 INFO  PersonRestAPI:19 -***************** Started TC002_GetPersonDetail **************
2022-05-19 16:41:25 INFO  PersonRestAPI:58 -***************** Checking Content Type **************
2022-05-19 16:41:25 INFO  PersonRestAPI:60 -Content Type is ==> application/json; charset=utf-8
2022-05-19 16:41:25 INFO  PersonRestAPI:27 -***************** Checking Response Body **************
2022-05-19 16:41:25 INFO  PersonRestAPI:29 -Response Body ==> [
  {
    "firstName": "Ahsan",
    "lastName": "Lala",
    "age": 31,
    "address": "Islamabad,PK",
    "phoneNumber": "123-456-78910",
    "id": 1
  },
  {
    "firstName": "Saad",
    "lastName": "Lala",
    "age": 31,
    "address": "Islamabad,PK",
    "phoneNumber": "123-456-78910",
    "id": 2
  },
  {
    "firstName": "Adil",
    "lastName": "Lala",
    "age": 31,
    "address": "Islamabad,PK",
    "phoneNumber": "123-456-78910",
    "id": 3
  },
  {
    "firstName": "Asad",
    "lastName": "Lala",
    "age": 31,
    "address": "Islamabad,PK",
    "phoneNumber": "123-456-78910",
    "id": 4
  },
  {
    "firstName": "Umar",
    "lastName": "Lala",
    "age": 31,
    "address": "Islamabad,PK",
    "phoneNumber": "123-456-78910",
    "id": 5
  },
  {
    "firstName": "Musa",
    "lastName": "Lala",
    "age": 31,
    "address": "Islamabad,PK",
    "phoneNumber": "123-456-78910",
    "id": 6
  },
  {
    "firstName": "Adnan",
    "lastName": "Lala",
    "age": 31,
    "address": "Islamabad,PK",
    "phoneNumber": "123-456-78910",
    "id": 7
  },
  {
    "firstName": "Imran",
    "lastName": "Lala",
    "age": 31,
    "address": "Islamabad,PK",
    "phoneNumber": "123-456-78910",
    "id": 8
  },
  {
    "firstName": "Farhan",
    "lastName": "Lala",
    "age": 31,
    "address": "Islamabad,PK",
    "phoneNumber": "123-456-78910",
    "id": 9
  },
  {
    "firstName": "Nouman",
    "lastName": "Lala",
    "age": 31,
    "address": "Islamabad,PK",
    "phoneNumber": "123-456-78910",
    "id": 10
  },
  {
    "firstName": "Anees",
    "lastName": "Lala",
    "age": 31,
    "address": "Islamabad,PK",
    "phoneNumber": "123-456-78910",
    "id": 11
  },
  {
    "firstName": "Ahmad",
    "lastName": "Lala",
    "age": 31,
    "address": "Islamabad,PK",
    "phoneNumber": "123-456-78910",
    "id": 12
  },
  {
    "firstName": "Tahir",
    "lastName": "Lala",
    "age": 31,
    "address": "Islamabad,PK",
    "phoneNumber": "123-456-78910",
    "id": 13
  },
  {
    "firstName": "ZaidaHQ",
    "lastName": "Lala",
    "age": 31,
    "id": 502,
    "address": "Islamabad,PK",
    "phoneNumber": "123-456-78910"
  },
  {
    "firstName": "ZaidA",
    "lastName": "Tahirn",
    "address": "58-LGulshan e Lahore",
    "id": "115",
    "age": "50",
    "phoneNumbers": "123-456-280"
  },
  {
    "firstName": "ZaidX",
    "lastName": "Tahirk",
    "address": "58-CGulshan e Lahore",
    "id": "735",
    "age": "49",
    "phoneNumbers": "123-456-573"
  },
  {
    "firstName": "Zaidt",
    "lastName": "TahirU",
    "address": "58-QGulshan e Lahore",
    "id": "176",
    "age": "09",
    "phoneNumbers": "123-456-429"
  },
  {
    "firstName": "ZaidV",
    "lastName": "TahirS",
    "address": "58-ZGulshan e Lahore",
    "id": "460",
    "age": "60",
    "phoneNumbers": "123-456-935"
  }
]
2022-05-19 16:41:25 INFO  PersonRestAPI:41 -***************** Checking Response Time **************
2022-05-19 16:41:25 INFO  PersonRestAPI:43 -Response Time is  ==> 17
2022-05-19 16:41:25 INFO  PersonRestAPI:34 -***************** Checking Status Code **************
2022-05-19 16:41:25 INFO  PersonRestAPI:36 -Response Code is ==> 200
2022-05-19 16:41:25 INFO  PersonRestAPI:51 -***************** Checking Status Line **************
2022-05-19 16:41:25 INFO  PersonRestAPI:53 -Response Line is ==> HTTP/1.1 200 OK
2022-05-19 16:41:25 INFO  PersonRestAPI:64 -***************** Finished TC002_GetPersonDetail **************
2022-05-19 16:41:25 INFO  PersonRestAPI:18 -***************** Started TC003_GetSinglePersonDetail **************
2022-05-19 16:41:25 INFO  PersonRestAPI:58 -***************** Checking Content Type **************
2022-05-19 16:41:25 INFO  PersonRestAPI:60 -Content Type is ==> application/json; charset=utf-8
2022-05-19 16:41:25 INFO  PersonRestAPI:27 -***************** Checking Response Body **************
2022-05-19 16:41:25 INFO  PersonRestAPI:29 -Response Body ==> {
  "firstName": "ZaidV",
  "lastName": "TahirS",
  "address": "58-ZGulshan e Lahore",
  "id": "460",
  "age": "60",
  "phoneNumbers": "123-456-935"
}
2022-05-19 16:41:25 INFO  PersonRestAPI:41 -***************** Checking Response Time **************
2022-05-19 16:41:25 INFO  PersonRestAPI:43 -Response Time is  ==> 9
2022-05-19 16:41:25 INFO  PersonRestAPI:34 -***************** Checking Status Code **************
2022-05-19 16:41:25 INFO  PersonRestAPI:36 -Response Code is ==> 200
2022-05-19 16:41:25 INFO  PersonRestAPI:51 -***************** Checking Status Line **************
2022-05-19 16:41:25 INFO  PersonRestAPI:53 -Response Line is ==> HTTP/1.1 200 OK
2022-05-19 16:41:25 INFO  PersonRestAPI:64 -***************** Finished TC003_GetSinglePersonDetail **************
2022-05-19 16:41:25 INFO  PersonRestAPI:28 -***************** Started TC004_PutPerson **************
2022-05-19 16:41:25 INFO  PersonRestAPI:80 -***************** Checking Content Type **************
2022-05-19 16:41:25 INFO  PersonRestAPI:82 -Content Type is ==> application/json; charset=utf-8
2022-05-19 16:41:25 INFO  PersonRestAPI:63 -***************** Checking Response Time **************
2022-05-19 16:41:25 INFO  PersonRestAPI:65 -Response Time is  ==> 15
2022-05-19 16:41:25 INFO  PersonRestAPI:56 -***************** Checking Status Code **************
2022-05-19 16:41:25 INFO  PersonRestAPI:58 -Response Code is ==> 200
2022-05-19 16:41:25 INFO  PersonRestAPI:73 -***************** Checking Status Line **************
2022-05-19 16:41:25 INFO  PersonRestAPI:75 -Response Line is ==> HTTP/1.1 200 OK
2022-05-19 16:41:25 INFO  PersonRestAPI:86 -***************** Finished TC004_PutPerson **************
2022-05-19 16:41:25 INFO  PersonRestAPI:19 -***************** Started TC005_DeletePerson **************
2022-05-19 16:41:25 INFO  PersonRestAPI:61 -***************** Checking Content Type **************
2022-05-19 16:41:25 INFO  PersonRestAPI:63 -Content Type is ==> application/json; charset=utf-8
2022-05-19 16:41:25 INFO  PersonRestAPI:31 -***************** Checking Response Body **************
2022-05-19 16:41:25 INFO  PersonRestAPI:33 -Response Body ==> {}
2022-05-19 16:41:25 INFO  PersonRestAPI:44 -***************** Checking Response Time **************
2022-05-19 16:41:25 INFO  PersonRestAPI:46 -Response Time is  ==> 9
2022-05-19 16:41:25 INFO  PersonRestAPI:37 -***************** Checking Status Code **************
2022-05-19 16:41:25 INFO  PersonRestAPI:39 -Response Code is ==> 200
2022-05-19 16:41:25 INFO  PersonRestAPI:54 -***************** Checking Status Line **************
2022-05-19 16:41:25 INFO  PersonRestAPI:56 -Response Line is ==> HTTP/1.1 200 OK
2022-05-19 16:41:25 INFO  PersonRestAPI:67 -***************** Finished TC005_DeletePerson **************
2022-05-19 16:42:35 INFO  PersonRestAPI:29 -***************** Started TC001_PostPerson **************
2022-05-19 16:42:40 INFO  PersonRestAPI:78 -***************** Checking Content Type **************
2022-05-19 16:42:40 INFO  PersonRestAPI:80 -Content Type is ==> application/json; charset=utf-8
2022-05-19 16:42:40 INFO  PersonRestAPI:61 -***************** Checking Response Time **************
2022-05-19 16:42:40 INFO  PersonRestAPI:63 -Response Time is  ==> 175
2022-05-19 16:42:40 INFO  PersonRestAPI:54 -***************** Checking Status Code **************
2022-05-19 16:42:40 INFO  PersonRestAPI:56 -Response Code is ==> 201
2022-05-19 16:42:40 INFO  PersonRestAPI:71 -***************** Checking Status Line **************
2022-05-19 16:42:40 INFO  PersonRestAPI:73 -Response Line is ==> HTTP/1.1 201 Created
2022-05-19 16:42:40 INFO  PersonRestAPI:84 -***************** Finished TC001_PostPerson **************
2022-05-19 16:42:40 INFO  PersonRestAPI:19 -***************** Started TC002_GetPersonDetail **************
2022-05-19 16:42:40 INFO  PersonRestAPI:58 -***************** Checking Content Type **************
2022-05-19 16:42:40 INFO  PersonRestAPI:60 -Content Type is ==> application/json; charset=utf-8
2022-05-19 16:42:40 INFO  PersonRestAPI:27 -***************** Checking Response Body **************
2022-05-19 16:42:40 INFO  PersonRestAPI:29 -Response Body ==> [
  {
    "firstName": "Ahsan",
    "lastName": "Lala",
    "age": 31,
    "address": "Islamabad,PK",
    "phoneNumber": "123-456-78910",
    "id": 1
  },
  {
    "firstName": "Saad",
    "lastName": "Lala",
    "age": 31,
    "address": "Islamabad,PK",
    "phoneNumber": "123-456-78910",
    "id": 2
  },
  {
    "firstName": "Adil",
    "lastName": "Lala",
    "age": 31,
    "address": "Islamabad,PK",
    "phoneNumber": "123-456-78910",
    "id": 3
  },
  {
    "firstName": "Asad",
    "lastName": "Lala",
    "age": 31,
    "address": "Islamabad,PK",
    "phoneNumber": "123-456-78910",
    "id": 4
  },
  {
    "firstName": "Umar",
    "lastName": "Lala",
    "age": 31,
    "address": "Islamabad,PK",
    "phoneNumber": "123-456-78910",
    "id": 5
  },
  {
    "firstName": "Musa",
    "lastName": "Lala",
    "age": 31,
    "address": "Islamabad,PK",
    "phoneNumber": "123-456-78910",
    "id": 6
  },
  {
    "firstName": "Adnan",
    "lastName": "Lala",
    "age": 31,
    "address": "Islamabad,PK",
    "phoneNumber": "123-456-78910",
    "id": 7
  },
  {
    "firstName": "Imran",
    "lastName": "Lala",
    "age": 31,
    "address": "Islamabad,PK",
    "phoneNumber": "123-456-78910",
    "id": 8
  },
  {
    "firstName": "Farhan",
    "lastName": "Lala",
    "age": 31,
    "address": "Islamabad,PK",
    "phoneNumber": "123-456-78910",
    "id": 9
  },
  {
    "firstName": "Nouman",
    "lastName": "Lala",
    "age": 31,
    "address": "Islamabad,PK",
    "phoneNumber": "123-456-78910",
    "id": 10
  },
  {
    "firstName": "Anees",
    "lastName": "Lala",
    "age": 31,
    "address": "Islamabad,PK",
    "phoneNumber": "123-456-78910",
    "id": 11
  },
  {
    "firstName": "Ahmad",
    "lastName": "Lala",
    "age": 31,
    "address": "Islamabad,PK",
    "phoneNumber": "123-456-78910",
    "id": 12
  },
  {
    "firstName": "Tahir",
    "lastName": "Lala",
    "age": 31,
    "address": "Islamabad,PK",
    "phoneNumber": "123-456-78910",
    "id": 13
  },
  {
    "firstName": "ZaidaHQ",
    "lastName": "Lala",
    "age": 31,
    "id": 502,
    "address": "Islamabad,PK",
    "phoneNumber": "123-456-78910"
  },
  {
    "firstName": "ZaidA",
    "lastName": "Tahirn",
    "address": "58-LGulshan e Lahore",
    "id": "115",
    "age": "50",
    "phoneNumbers": "123-456-280"
  },
  {
    "firstName": "ZaidX",
    "lastName": "Tahirk",
    "address": "58-CGulshan e Lahore",
    "id": "735",
    "age": "49",
    "phoneNumbers": "123-456-573"
  },
  {
    "firstName": "Zaidt",
    "lastName": "TahirU",
    "address": "58-QGulshan e Lahore",
    "id": "176",
    "age": "09",
    "phoneNumbers": "123-456-429"
  },
  {
    "firstName": "Zaidt",
    "lastName": "TahirF",
    "address": "58-OGulshan e Lahore",
    "id": "384",
    "age": "58",
    "phoneNumbers": "123-456-488"
  }
]
2022-05-19 16:42:40 INFO  PersonRestAPI:41 -***************** Checking Response Time **************
2022-05-19 16:42:40 INFO  PersonRestAPI:43 -Response Time is  ==> 15
2022-05-19 16:42:40 INFO  PersonRestAPI:34 -***************** Checking Status Code **************
2022-05-19 16:42:40 INFO  PersonRestAPI:36 -Response Code is ==> 200
2022-05-19 16:42:40 INFO  PersonRestAPI:51 -***************** Checking Status Line **************
2022-05-19 16:42:40 INFO  PersonRestAPI:53 -Response Line is ==> HTTP/1.1 200 OK
2022-05-19 16:42:40 INFO  PersonRestAPI:64 -***************** Finished TC002_GetPersonDetail **************
2022-05-19 16:42:40 INFO  PersonRestAPI:18 -***************** Started TC003_GetSinglePersonDetail **************
2022-05-19 16:42:40 INFO  PersonRestAPI:58 -***************** Checking Content Type **************
2022-05-19 16:42:40 INFO  PersonRestAPI:60 -Content Type is ==> application/json; charset=utf-8
2022-05-19 16:42:40 INFO  PersonRestAPI:27 -***************** Checking Response Body **************
2022-05-19 16:42:40 INFO  PersonRestAPI:29 -Response Body ==> {
  "firstName": "Zaidt",
  "lastName": "TahirF",
  "address": "58-OGulshan e Lahore",
  "id": "384",
  "age": "58",
  "phoneNumbers": "123-456-488"
}
2022-05-19 16:42:40 INFO  PersonRestAPI:41 -***************** Checking Response Time **************
2022-05-19 16:42:40 INFO  PersonRestAPI:43 -Response Time is  ==> 9
2022-05-19 16:42:40 INFO  PersonRestAPI:34 -***************** Checking Status Code **************
2022-05-19 16:42:40 INFO  PersonRestAPI:36 -Response Code is ==> 200
2022-05-19 16:42:40 INFO  PersonRestAPI:51 -***************** Checking Status Line **************
2022-05-19 16:42:40 INFO  PersonRestAPI:53 -Response Line is ==> HTTP/1.1 200 OK
2022-05-19 16:42:40 INFO  PersonRestAPI:64 -***************** Finished TC003_GetSinglePersonDetail **************
2022-05-19 16:42:40 INFO  PersonRestAPI:28 -***************** Started TC004_PutPerson **************
2022-05-19 16:42:41 INFO  PersonRestAPI:80 -***************** Checking Content Type **************
2022-05-19 16:42:41 INFO  PersonRestAPI:82 -Content Type is ==> application/json; charset=utf-8
2022-05-19 16:42:41 INFO  PersonRestAPI:63 -***************** Checking Response Time **************
2022-05-19 16:42:41 INFO  PersonRestAPI:65 -Response Time is  ==> 12
2022-05-19 16:42:41 INFO  PersonRestAPI:56 -***************** Checking Status Code **************
2022-05-19 16:42:41 INFO  PersonRestAPI:58 -Response Code is ==> 200
2022-05-19 16:42:41 INFO  PersonRestAPI:73 -***************** Checking Status Line **************
2022-05-19 16:42:41 INFO  PersonRestAPI:75 -Response Line is ==> HTTP/1.1 200 OK
2022-05-19 16:42:41 INFO  PersonRestAPI:86 -***************** Finished TC004_PutPerson **************
2022-05-19 16:42:41 INFO  PersonRestAPI:19 -***************** Started TC005_DeletePerson **************
2022-05-19 16:42:41 INFO  PersonRestAPI:61 -***************** Checking Content Type **************
2022-05-19 16:42:41 INFO  PersonRestAPI:63 -Content Type is ==> application/json; charset=utf-8
2022-05-19 16:42:41 INFO  PersonRestAPI:31 -***************** Checking Response Body **************
2022-05-19 16:42:41 INFO  PersonRestAPI:33 -Response Body ==> {}
2022-05-19 16:42:41 INFO  PersonRestAPI:44 -***************** Checking Response Time **************
2022-05-19 16:42:41 INFO  PersonRestAPI:46 -Response Time is  ==> 11
2022-05-19 16:42:41 INFO  PersonRestAPI:37 -***************** Checking Status Code **************
2022-05-19 16:42:41 INFO  PersonRestAPI:39 -Response Code is ==> 200
2022-05-19 16:42:41 INFO  PersonRestAPI:54 -***************** Checking Status Line **************
2022-05-19 16:42:41 INFO  PersonRestAPI:56 -Response Line is ==> HTTP/1.1 200 OK
2022-05-19 16:42:41 INFO  PersonRestAPI:67 -***************** Finished TC005_DeletePerson **************
